2021-11-15T21:07:34.240+0530 DEBUG Refreshing org.springframework.web.context.support.GenericWebApplicationContext@e6e203b
2021-11-15T21:07:43.914+0530 DEBUG 76 mappings in 'requestMappingHandlerMapping'
2021-11-15T21:07:44.185+0530 DEBUG Patterns [/webjars/**, /**] in 'resourceHandlerMapping'
2021-11-15T21:07:45.739+0530 DEBUG ControllerAdvice beans: 0 @ModelAttribute, 0 @InitBinder, 1 RequestBodyAdvice, 1 ResponseBodyAdvice
2021-11-15T21:07:45.889+0530 DEBUG ControllerAdvice beans: 1 @ExceptionHandler, 1 ResponseBodyAdvice
2021-11-15T21:07:50.265+0530 DEBUG Closing org.springframework.web.context.support.GenericWebApplicationContext@e6e203b, started on Mon Nov 15 21:07:34 IST 2021
2021-11-15T21:08:49.516+0530 DEBUG Refreshing org.springframework.web.context.support.GenericWebApplicationContext@e6e203b
2021-11-15T21:08:57.825+0530 DEBUG 76 mappings in 'requestMappingHandlerMapping'
2021-11-15T21:08:58.101+0530 DEBUG Patterns [/webjars/**, /**] in 'resourceHandlerMapping'
2021-11-15T21:08:58.479+0530 DEBUG ControllerAdvice beans: 0 @ModelAttribute, 0 @InitBinder, 1 RequestBodyAdvice, 1 ResponseBodyAdvice
2021-11-15T21:08:58.543+0530 DEBUG ControllerAdvice beans: 1 @ExceptionHandler, 1 ResponseBodyAdvice
2021-11-15T21:08:59.877+0530 DEBUG Closing org.springframework.web.context.support.GenericWebApplicationContext@e6e203b, started on Mon Nov 15 21:08:49 IST 2021
2021-11-15T21:10:09.608+0530 DEBUG Refreshing org.springframework.web.context.support.GenericWebApplicationContext@e6e203b
2021-11-15T21:10:17.137+0530 DEBUG 76 mappings in 'requestMappingHandlerMapping'
2021-11-15T21:10:17.432+0530 DEBUG Patterns [/webjars/**, /**] in 'resourceHandlerMapping'
2021-11-15T21:10:17.777+0530 DEBUG ControllerAdvice beans: 0 @ModelAttribute, 0 @InitBinder, 1 RequestBodyAdvice, 1 ResponseBodyAdvice
2021-11-15T21:10:17.843+0530 DEBUG ControllerAdvice beans: 1 @ExceptionHandler, 1 ResponseBodyAdvice
2021-11-15T21:10:19.190+0530 DEBUG Closing org.springframework.web.context.support.GenericWebApplicationContext@e6e203b, started on Mon Nov 15 21:10:09 IST 2021
2021-11-15T21:12:55.008+0530 DEBUG Refreshing org.springframework.web.context.support.GenericWebApplicationContext@566806a
2021-11-15T21:13:04.079+0530 DEBUG 76 mappings in 'requestMappingHandlerMapping'
2021-11-15T21:13:04.448+0530 DEBUG Patterns [/webjars/**, /**] in 'resourceHandlerMapping'
2021-11-15T21:13:04.951+0530 DEBUG ControllerAdvice beans: 0 @ModelAttribute, 0 @InitBinder, 1 RequestBodyAdvice, 1 ResponseBodyAdvice
2021-11-15T21:13:05.133+0530 DEBUG ControllerAdvice beans: 1 @ExceptionHandler, 1 ResponseBodyAdvice
2021-11-15T21:13:07.648+0530 DEBUG Closing org.springframework.web.context.support.GenericWebApplicationContext@566806a, started on Mon Nov 15 21:12:55 IST 2021
